Started GET "/" for ::1 at 2020-07-30 14:07:24 +0700
  
Mysql2::Error::ConnectionError (Access denied for user 'root'@'localhost' (using password: NO)):
  
mysql2 (0.5.3) lib/mysql2/client.rb:90:in `connect'
mysql2 (0.5.3) lib/mysql2/client.rb:90:in `initialize'
activerecord (6.0.3.2) lib/active_record/connection_adapters/mysql2_adapter.rb:24:in `new'
activerecord (6.0.3.2) lib/active_record/connection_adapters/mysql2_adapter.rb:24:in `mysql2_connection'
activerecord (6.0.3.2) lib/active_record/connection_adapters/abstract/connection_pool.rb:887:in `new_connection'
activerecord (6.0.3.2) lib/active_record/connection_adapters/abstract/connection_pool.rb:931:in `checkout_new_connection'
activerecord (6.0.3.2) lib/active_record/connection_adapters/abstract/connection_pool.rb:910:in `try_to_checkout_new_connection'
activerecord (6.0.3.2) lib/active_record/connection_adapters/abstract/connection_pool.rb:871:in `acquire_connection'
activerecord (6.0.3.2) lib/active_record/connection_adapters/abstract/connection_pool.rb:593:in `checkout'
activerecord (6.0.3.2) lib/active_record/connection_adapters/abstract/connection_pool.rb:437:in `connection'
activerecord (6.0.3.2) lib/active_record/connection_adapters/abstract/connection_pool.rb:1119:in `retrieve_connection'
activerecord (6.0.3.2) lib/active_record/connection_handling.rb:221:in `retrieve_connection'
activerecord (6.0.3.2) lib/active_record/connection_handling.rb:189:in `connection'
activerecord (6.0.3.2) lib/active_record/migration.rb:562:in `call'
actionpack (6.0.3.2) lib/action_dispatch/middleware/callbacks.rb:27:in `block in call'
activesupport (6.0.3.2) lib/active_support/callbacks.rb:101:in `run_callbacks'
actionpack (6.0.3.2) lib/action_dispatch/middleware/callbacks.rb:26:in `call'
actionpack (6.0.3.2) lib/action_dispatch/middleware/executor.rb:14:in `call'
actionpack (6.0.3.2) lib/action_dispatch/middleware/actionable_exceptions.rb:17:in `call'
actionpack (6.0.3.2) lib/action_dispatch/middleware/debug_exceptions.rb:32:in `call'
web-console (4.0.4) lib/web_console/middleware.rb:132:in `call_app'
web-console (4.0.4) lib/web_console/middleware.rb:28:in `block in call'
web-console (4.0.4) lib/web_console/middleware.rb:17:in `catch'
web-console (4.0.4) lib/web_console/middleware.rb:17:in `call'
actionpack (6.0.3.2) lib/action_dispatch/middleware/show_exceptions.rb:33:in `call'
railties (6.0.3.2) lib/rails/rack/logger.rb:37:in `call_app'
railties (6.0.3.2) lib/rails/rack/logger.rb:26:in `block in call'
activesupport (6.0.3.2) lib/active_support/tagged_logging.rb:80:in `block in tagged'
activesupport (6.0.3.2) lib/active_support/tagged_logging.rb:28:in `tagged'
activesupport (6.0.3.2) lib/active_support/tagged_logging.rb:80:in `tagged'
railties (6.0.3.2) lib/rails/rack/logger.rb:26:in `call'
sprockets-rails (3.2.1) lib/sprockets/rails/quiet_assets.rb:13:in `call'
actionpack (6.0.3.2) lib/action_dispatch/middleware/remote_ip.rb:81:in `call'
actionpack (6.0.3.2) lib/action_dispatch/middleware/request_id.rb:27:in `call'
rack (2.2.3) lib/rack/method_override.rb:24:in `call'
rack (2.2.3) lib/rack/runtime.rb:22:in `call'
activesupport (6.0.3.2) lib/active_support/cache/strategy/local_cache_middleware.rb:29:in `call'
actionpack (6.0.3.2) lib/action_dispatch/middleware/executor.rb:14:in `call'
actionpack (6.0.3.2) lib/action_dispatch/middleware/static.rb:126:in `call'
rack (2.2.3) lib/rack/sendfile.rb:110:in `call'
actionpack (6.0.3.2) lib/action_dispatch/middleware/host_authorization.rb:82:in `call'
webpacker (4.2.2) lib/webpacker/dev_server_proxy.rb:23:in `perform_request'
rack-proxy (0.6.5) lib/rack/proxy.rb:57:in `call'
railties (6.0.3.2) lib/rails/engine.rb:527:in `call'
puma (4.3.5) lib/puma/configuration.rb:228:in `call'
puma (4.3.5) lib/puma/server.rb:713:in `handle_request'
puma (4.3.5) lib/puma/server.rb:472:in `process_client'
puma (4.3.5) lib/puma/server.rb:328:in `block in run'
puma (4.3.5) lib/puma/thread_pool.rb:134:in `block in spawn_thread'
Started GET "/" for ::1 at 2020-07-30 14:08:15 +0700
  
Mysql2::Error::ConnectionError (Access denied for user 'root'@'localhost' (using password: NO)):
  
mysql2 (0.5.3) lib/mysql2/client.rb:90:in `connect'
mysql2 (0.5.3) lib/mysql2/client.rb:90:in `initialize'
activerecord (6.0.3.2) lib/active_record/connection_adapters/mysql2_adapter.rb:24:in `new'
activerecord (6.0.3.2) lib/active_record/connection_adapters/mysql2_adapter.rb:24:in `mysql2_connection'
activerecord (6.0.3.2) lib/active_record/connection_adapters/abstract/connection_pool.rb:887:in `new_connection'
activerecord (6.0.3.2) lib/active_record/connection_adapters/abstract/connection_pool.rb:931:in `checkout_new_connection'
activerecord (6.0.3.2) lib/active_record/connection_adapters/abstract/connection_pool.rb:910:in `try_to_checkout_new_connection'
activerecord (6.0.3.2) lib/active_record/connection_adapters/abstract/connection_pool.rb:871:in `acquire_connection'
activerecord (6.0.3.2) lib/active_record/connection_adapters/abstract/connection_pool.rb:593:in `checkout'
activerecord (6.0.3.2) lib/active_record/connection_adapters/abstract/connection_pool.rb:437:in `connection'
activerecord (6.0.3.2) lib/active_record/connection_adapters/abstract/connection_pool.rb:1119:in `retrieve_connection'
activerecord (6.0.3.2) lib/active_record/connection_handling.rb:221:in `retrieve_connection'
activerecord (6.0.3.2) lib/active_record/connection_handling.rb:189:in `connection'
activerecord (6.0.3.2) lib/active_record/migration.rb:562:in `call'
actionpack (6.0.3.2) lib/action_dispatch/middleware/callbacks.rb:27:in `block in call'
activesupport (6.0.3.2) lib/active_support/callbacks.rb:101:in `run_callbacks'
actionpack (6.0.3.2) lib/action_dispatch/middleware/callbacks.rb:26:in `call'
actionpack (6.0.3.2) lib/action_dispatch/middleware/executor.rb:14:in `call'
actionpack (6.0.3.2) lib/action_dispatch/middleware/actionable_exceptions.rb:17:in `call'
actionpack (6.0.3.2) lib/action_dispatch/middleware/debug_exceptions.rb:32:in `call'
web-console (4.0.4) lib/web_console/middleware.rb:132:in `call_app'
web-console (4.0.4) lib/web_console/middleware.rb:28:in `block in call'
web-console (4.0.4) lib/web_console/middleware.rb:17:in `catch'
web-console (4.0.4) lib/web_console/middleware.rb:17:in `call'
actionpack (6.0.3.2) lib/action_dispatch/middleware/show_exceptions.rb:33:in `call'
railties (6.0.3.2) lib/rails/rack/logger.rb:37:in `call_app'
railties (6.0.3.2) lib/rails/rack/logger.rb:26:in `block in call'
activesupport (6.0.3.2) lib/active_support/tagged_logging.rb:80:in `block in tagged'
activesupport (6.0.3.2) lib/active_support/tagged_logging.rb:28:in `tagged'
activesupport (6.0.3.2) lib/active_support/tagged_logging.rb:80:in `tagged'
railties (6.0.3.2) lib/rails/rack/logger.rb:26:in `call'
sprockets-rails (3.2.1) lib/sprockets/rails/quiet_assets.rb:13:in `call'
actionpack (6.0.3.2) lib/action_dispatch/middleware/remote_ip.rb:81:in `call'
actionpack (6.0.3.2) lib/action_dispatch/middleware/request_id.rb:27:in `call'
rack (2.2.3) lib/rack/method_override.rb:24:in `call'
rack (2.2.3) lib/rack/runtime.rb:22:in `call'
activesupport (6.0.3.2) lib/active_support/cache/strategy/local_cache_middleware.rb:29:in `call'
actionpack (6.0.3.2) lib/action_dispatch/middleware/executor.rb:14:in `call'
actionpack (6.0.3.2) lib/action_dispatch/middleware/static.rb:126:in `call'
rack (2.2.3) lib/rack/sendfile.rb:110:in `call'
actionpack (6.0.3.2) lib/action_dispatch/middleware/host_authorization.rb:82:in `call'
webpacker (4.2.2) lib/webpacker/dev_server_proxy.rb:23:in `perform_request'
rack-proxy (0.6.5) lib/rack/proxy.rb:57:in `call'
railties (6.0.3.2) lib/rails/engine.rb:527:in `call'
puma (4.3.5) lib/puma/configuration.rb:228:in `call'
puma (4.3.5) lib/puma/server.rb:713:in `handle_request'
puma (4.3.5) lib/puma/server.rb:472:in `process_client'
puma (4.3.5) lib/puma/server.rb:328:in `block in run'
puma (4.3.5) lib/puma/thread_pool.rb:134:in `block in spawn_thread'
  [1m[35m (0.5ms)[0m  [1m[35mSET NAMES utf8mb4,  @@SESSION.sql_mode = CONCAT(CONCAT(@@sql_mode, ',STRICT_ALL_TABLES'), ',NO_AUTO_VALUE_ON_ZERO'),  @@SESSION.sql_auto_is_null = 0, @@SESSION.wait_timeout = 2147483[0m
  [1m[35m (7.1ms)[0m  [1m[35mCREATE DATABASE `toy_app_development` DEFAULT CHARACTER SET `utf8mb4`[0m
  [1m[35m (0.3ms)[0m  [1m[35mSET NAMES utf8mb4,  @@SESSION.sql_mode = CONCAT(CONCAT(@@sql_mode, ',STRICT_ALL_TABLES'), ',NO_AUTO_VALUE_ON_ZERO'),  @@SESSION.sql_auto_is_null = 0, @@SESSION.wait_timeout = 2147483[0m
  [1m[35m (7.5ms)[0m  [1m[35mCREATE DATABASE `toy_app_test` DEFAULT CHARACTER SET `utf8mb4`[0m
Started GET "/" for ::1 at 2020-07-30 14:10:11 +0700
  [1m[35m (0.4ms)[0m  [1m[35mSET NAMES utf8mb4,  @@SESSION.sql_mode = CONCAT(CONCAT(@@sql_mode, ',STRICT_ALL_TABLES'), ',NO_AUTO_VALUE_ON_ZERO'),  @@SESSION.sql_auto_is_null = 0, @@SESSION.wait_timeout = 2147483[0m
Processing by Rails::WelcomeController#index as HTML
  Rendering /home/yulaw/.rbenv/versions/2.7.1/lib/ruby/gems/2.7.0/gems/railties-6.0.3.2/lib/rails/templates/rails/welcome/index.html.erb
  Rendered /home/yulaw/.rbenv/versions/2.7.1/lib/ruby/gems/2.7.0/gems/railties-6.0.3.2/lib/rails/templates/rails/welcome/index.html.erb (Duration: 10.9ms | Allocations: 295)
Completed 200 OK in 25ms (Views: 14.0ms | ActiveRecord: 0.0ms | Allocations: 1639)


Started GET "/" for ::1 at 2020-07-30 14:46:44 +0700
  [1m[35m (0.4ms)[0m  [1m[35mSET NAMES utf8mb4,  @@SESSION.sql_mode = CONCAT(CONCAT(@@sql_mode, ',STRICT_ALL_TABLES'), ',NO_AUTO_VALUE_ON_ZERO'),  @@SESSION.sql_auto_is_null = 0, @@SESSION.wait_timeout = 2147483[0m
Processing by Rails::WelcomeController#index as HTML
  Rendering /home/yulaw/.rbenv/versions/2.7.1/lib/ruby/gems/2.7.0/gems/railties-6.0.3.2/lib/rails/templates/rails/welcome/index.html.erb
  Rendered /home/yulaw/.rbenv/versions/2.7.1/lib/ruby/gems/2.7.0/gems/railties-6.0.3.2/lib/rails/templates/rails/welcome/index.html.erb (Duration: 10.1ms | Allocations: 179)
Completed 200 OK in 13ms (Views: 12.0ms | ActiveRecord: 0.0ms | Allocations: 779)


Started GET "/" for ::1 at 2020-07-30 14:54:01 +0700
  [1m[35m (0.6ms)[0m  [1m[35mSET NAMES utf8mb4,  @@SESSION.sql_mode = CONCAT(CONCAT(@@sql_mode, ',STRICT_ALL_TABLES'), ',NO_AUTO_VALUE_ON_ZERO'),  @@SESSION.sql_auto_is_null = 0, @@SESSION.wait_timeout = 2147483[0m
Processing by Rails::WelcomeController#index as HTML
  Rendering /home/yulaw/.rbenv/versions/2.7.1/lib/ruby/gems/2.7.0/gems/railties-6.0.3.2/lib/rails/templates/rails/welcome/index.html.erb
  Rendered /home/yulaw/.rbenv/versions/2.7.1/lib/ruby/gems/2.7.0/gems/railties-6.0.3.2/lib/rails/templates/rails/welcome/index.html.erb (Duration: 9.0ms | Allocations: 295)
Completed 200 OK in 30ms (Views: 22.4ms | ActiveRecord: 0.0ms | Allocations: 1639)


Started GET "/" for ::1 at 2020-07-30 14:56:23 +0700
Processing by ApplicationController#hello as HTML
  Rendering html template
  Rendered html template (Duration: 0.1ms | Allocations: 4)
Completed 200 OK in 5ms (Views: 4.2ms | ActiveRecord: 0.0ms | Allocations: 637)


  [1m[35m (0.7ms)[0m  [1m[35mSET NAMES utf8mb4,  @@SESSION.sql_mode = CONCAT(CONCAT(@@sql_mode, ',STRICT_ALL_TABLES'), ',NO_AUTO_VALUE_ON_ZERO'),  @@SESSION.sql_auto_is_null = 0, @@SESSION.wait_timeout = 2147483[0m
  [1m[35m (74.5ms)[0m  [1m[35mCREATE TABLE `schema_migrations` (`version` varchar(255) NOT NULL PRIMARY KEY)[0m
  [1m[35m (43.5ms)[0m  [1m[35mCREATE TABLE `ar_internal_metadata` (`key` varchar(255) NOT NULL PRIMARY KEY, `value` varchar(255), `created_at` datetime(6) NOT NULL, `updated_at` datetime(6) NOT NULL)[0m
  [1m[35m (0.4ms)[0m  [1m[35mSET NAMES utf8mb4,  @@SESSION.sql_mode = CONCAT(CONCAT(@@sql_mode, ',STRICT_ALL_TABLES'), ',NO_AUTO_VALUE_ON_ZERO'),  @@SESSION.sql_auto_is_null = 0, @@SESSION.wait_timeout = 2147483[0m
  [1m[35m (0.3ms)[0m  [1m[34mSELECT GET_LOCK('3007486047720898170', 0)[0m
  [1m[35m (6.1ms)[0m  [1m[34mSELECT `schema_migrations`.`version` FROM `schema_migrations` ORDER BY `schema_migrations`.`version` ASC[0m
Migrating to CreateUsers (20200730075740)
  [1m[35m (33.6ms)[0m  [1m[35mCREATE TABLE `users` (`id` bigint NOT NULL AUTO_INCREMENT PRIMARY KEY, `name` varchar(255), `email` varchar(255), `created_at` datetime(6) NOT NULL, `updated_at` datetime(6) NOT NULL)[0m
  [1m[35m (0.2ms)[0m  [1m[35mBEGIN[0m
  [1m[36mprimary::SchemaMigration Create (0.4ms)[0m  [1m[32mINSERT INTO `schema_migrations` (`version`) VALUES ('20200730075740')[0m
  [1m[35m (3.7ms)[0m  [1m[35mCOMMIT[0m
  [1m[36mActiveRecord::InternalMetadata Load (1.4ms)[0m  [1m[34mSELECT `ar_internal_metadata`.* FROM `ar_internal_metadata` WHERE `ar_internal_metadata`.`key` = 'environment' LIMIT 1[0m
  [1m[35m (0.3ms)[0m  [1m[35mBEGIN[0m
  [1m[36mActiveRecord::InternalMetadata Create (0.5ms)[0m  [1m[32mINSERT INTO `ar_internal_metadata` (`key`, `value`, `created_at`, `updated_at`) VALUES ('environment', 'development', '2020-07-30 07:58:34.620969', '2020-07-30 07:58:34.620969')[0m
  [1m[35m (4.3ms)[0m  [1m[35mCOMMIT[0m
  [1m[35m (0.3ms)[0m  [1m[34mSELECT RELEASE_LOCK('3007486047720898170')[0m
  [1m[35m (0.3ms)[0m  [1m[35mSET NAMES utf8mb4,  @@SESSION.sql_mode = CONCAT(CONCAT(@@sql_mode, ',STRICT_ALL_TABLES'), ',NO_AUTO_VALUE_ON_ZERO'),  @@SESSION.sql_auto_is_null = 0, @@SESSION.wait_timeout = 2147483[0m
  [1m[35m (0.6ms)[0m  [1m[34mSELECT `schema_migrations`.`version` FROM `schema_migrations` ORDER BY `schema_migrations`.`version` ASC[0m
Started GET "/" for ::1 at 2020-07-30 15:01:43 +0700
  [1m[35m (0.5ms)[0m  [1m[35mSET NAMES utf8mb4,  @@SESSION.sql_mode = CONCAT(CONCAT(@@sql_mode, ',STRICT_ALL_TABLES'), ',NO_AUTO_VALUE_ON_ZERO'),  @@SESSION.sql_auto_is_null = 0, @@SESSION.wait_timeout = 2147483[0m
  [1m[35m (0.5ms)[0m  [1m[34mSELECT `schema_migrations`.`version` FROM `schema_migrations` ORDER BY `schema_migrations`.`version` ASC[0m
Processing by ApplicationController#hello as HTML
  Rendering html template
  Rendered html template (Duration: 0.0ms | Allocations: 5)
Completed 200 OK in 9ms (Views: 2.4ms | ActiveRecord: 0.0ms | Allocations: 1016)


Started GET "/" for ::1 at 2020-07-30 15:01:44 +0700
Processing by ApplicationController#hello as HTML
  Rendering html template
  Rendered html template (Duration: 0.0ms | Allocations: 3)
Completed 200 OK in 1ms (Views: 0.6ms | ActiveRecord: 0.0ms | Allocations: 242)


Started GET "/user" for ::1 at 2020-07-30 15:01:48 +0700
  
ActionController::RoutingError (No route matches [GET] "/user"):
  
actionpack (6.0.3.2) lib/action_dispatch/middleware/debug_exceptions.rb:36:in `call'
web-console (4.0.4) lib/web_console/middleware.rb:132:in `call_app'
web-console (4.0.4) lib/web_console/middleware.rb:28:in `block in call'
web-console (4.0.4) lib/web_console/middleware.rb:17:in `catch'
web-console (4.0.4) lib/web_console/middleware.rb:17:in `call'
actionpack (6.0.3.2) lib/action_dispatch/middleware/show_exceptions.rb:33:in `call'
railties (6.0.3.2) lib/rails/rack/logger.rb:37:in `call_app'
railties (6.0.3.2) lib/rails/rack/logger.rb:26:in `block in call'
activesupport (6.0.3.2) lib/active_support/tagged_logging.rb:80:in `block in tagged'
activesupport (6.0.3.2) lib/active_support/tagged_logging.rb:28:in `tagged'
activesupport (6.0.3.2) lib/active_support/tagged_logging.rb:80:in `tagged'
railties (6.0.3.2) lib/rails/rack/logger.rb:26:in `call'
sprockets-rails (3.2.1) lib/sprockets/rails/quiet_assets.rb:13:in `call'
actionpack (6.0.3.2) lib/action_dispatch/middleware/remote_ip.rb:81:in `call'
actionpack (6.0.3.2) lib/action_dispatch/middleware/request_id.rb:27:in `call'
rack (2.2.3) lib/rack/method_override.rb:24:in `call'
rack (2.2.3) lib/rack/runtime.rb:22:in `call'
activesupport (6.0.3.2) lib/active_support/cache/strategy/local_cache_middleware.rb:29:in `call'
actionpack (6.0.3.2) lib/action_dispatch/middleware/executor.rb:14:in `call'
actionpack (6.0.3.2) lib/action_dispatch/middleware/static.rb:126:in `call'
rack (2.2.3) lib/rack/sendfile.rb:110:in `call'
actionpack (6.0.3.2) lib/action_dispatch/middleware/host_authorization.rb:82:in `call'
webpacker (4.2.2) lib/webpacker/dev_server_proxy.rb:23:in `perform_request'
rack-proxy (0.6.5) lib/rack/proxy.rb:57:in `call'
railties (6.0.3.2) lib/rails/engine.rb:527:in `call'
puma (4.3.5) lib/puma/configuration.rb:228:in `call'
puma (4.3.5) lib/puma/server.rb:713:in `handle_request'
puma (4.3.5) lib/puma/server.rb:472:in `process_client'
puma (4.3.5) lib/puma/server.rb:328:in `block in run'
puma (4.3.5) lib/puma/thread_pool.rb:134:in `block in spawn_thread'
Started GET "/users" for ::1 at 2020-07-30 15:01:55 +0700
Processing by UsersController#index as HTML
  Rendering users/index.html.erb within layouts/application
  [1m[36mUser Load (1.0ms)[0m  [1m[34mSELECT `users`.* FROM `users`[0m
  ↳ app/views/users/index.html.erb:15
  Rendered users/index.html.erb within layouts/application (Duration: 9.7ms | Allocations: 1367)
[Webpacker] Compiling...
[Webpacker] Compiled all packs in /home/yulaw/Rails Tutorial/toy_app/public/packs
[Webpacker] Hash: 15d1bb7b54cf6326b9ba
Version: webpack 4.44.0
Time: 3699ms
Built at: 07/30/2020 3:02:03 PM
                                     Asset       Size       Chunks                         Chunk Names
    js/application-9afcbb5693aa87623e69.js    124 KiB  application  [emitted] [immutable]  application
js/application-9afcbb5693aa87623e69.js.map    139 KiB  application  [emitted] [dev]        application
                             manifest.json  364 bytes               [emitted]              
Entrypoint application = js/application-9afcbb5693aa87623e69.js js/application-9afcbb5693aa87623e69.js.map
[./app/javascript/channels sync recursive _channel\.js$] ./app/javascript/channels sync _channel\.js$ 160 bytes {application} [built]
[./app/javascript/channels/index.js] 211 bytes {application} [built]
[./app/javascript/packs/application.js] 749 bytes {application} [built]
[./node_modules/webpack/buildin/module.js] (webpack)/buildin/module.js 552 bytes {application} [built]
    + 3 hidden modules

Completed 200 OK in 7632ms (Views: 7623.2ms | ActiveRecord: 3.7ms | Allocations: 22997)


Started GET "/users/new" for ::1 at 2020-07-30 15:02:25 +0700
Processing by UsersController#new as HTML
  Rendering users/new.html.erb within layouts/application
  Rendered users/_form.html.erb (Duration: 65.1ms | Allocations: 5895)
  Rendered users/new.html.erb within layouts/application (Duration: 67.0ms | Allocations: 6224)
[Webpacker] Everything's up-to-date. Nothing to do
Completed 200 OK in 92ms (Views: 74.7ms | ActiveRecord: 4.3ms | Allocations: 12416)


Started POST "/users" for ::1 at 2020-07-30 15:02:38 +0700
Processing by UsersController#create as HTML
  Parameters: {"authenticity_token"=>"t7hTbx3CSm82fxPzBqVfsW/F+NyBGpbkfRRJf+t6cmuAfP72vPJlB7pPTj4xU0afyUB9kgZmCWPGgmtDG8+TDA==", "user"=>{"name"=>"Nguyen Ngoc Man", "email"=>"yinyang1011@gmail.com"}, "commit"=>"Create User"}
  [1m[35m (0.2ms)[0m  [1m[35mBEGIN[0m
  ↳ app/controllers/users_controller.rb:30:in `block in create'
  [1m[36mUser Create (0.5ms)[0m  [1m[32mINSERT INTO `users` (`name`, `email`, `created_at`, `updated_at`) VALUES ('Nguyen Ngoc Man', 'yinyang1011@gmail.com', '2020-07-30 08:02:38.299132', '2020-07-30 08:02:38.299132')[0m
  ↳ app/controllers/users_controller.rb:30:in `block in create'
  [1m[35m (5.5ms)[0m  [1m[35mCOMMIT[0m
  ↳ app/controllers/users_controller.rb:30:in `block in create'
Redirected to http://localhost:3000/users/1
Completed 302 Found in 14ms (ActiveRecord: 6.2ms | Allocations: 3020)


Started GET "/users/1" for ::1 at 2020-07-30 15:02:38 +0700
Processing by UsersController#show as HTML
  Parameters: {"id"=>"1"}
  [1m[36mUser Load (0.6ms)[0m  [1m[34mSELECT `users`.* FROM `users` WHERE `users`.`id` = 1 LIMIT 1[0m
  ↳ app/controllers/users_controller.rb:67:in `set_user'
  Rendering users/show.html.erb within layouts/application
  Rendered users/show.html.erb within layouts/application (Duration: 1.0ms | Allocations: 251)
[Webpacker] Everything's up-to-date. Nothing to do
Completed 200 OK in 16ms (Views: 9.7ms | ActiveRecord: 0.6ms | Allocations: 4917)


Started GET "/users/1/edit" for ::1 at 2020-07-30 15:02:41 +0700
Processing by UsersController#edit as HTML
  Parameters: {"id"=>"1"}
  [1m[36mUser Load (0.6ms)[0m  [1m[34mSELECT `users`.* FROM `users` WHERE `users`.`id` = 1 LIMIT 1[0m
  ↳ app/controllers/users_controller.rb:67:in `set_user'
  Rendering users/edit.html.erb within layouts/application
  Rendered users/_form.html.erb (Duration: 3.0ms | Allocations: 763)
  Rendered users/edit.html.erb within layouts/application (Duration: 4.2ms | Allocations: 1001)
[Webpacker] Everything's up-to-date. Nothing to do
Completed 200 OK in 18ms (Views: 14.0ms | ActiveRecord: 0.6ms | Allocations: 5220)


Started GET "/users" for ::1 at 2020-07-30 15:02:43 +0700
Processing by UsersController#index as HTML
  Rendering users/index.html.erb within layouts/application
  [1m[36mUser Load (0.7ms)[0m  [1m[34mSELECT `users`.* FROM `users`[0m
  ↳ app/views/users/index.html.erb:15
  Rendered users/index.html.erb within layouts/application (Duration: 4.4ms | Allocations: 825)
[Webpacker] Everything's up-to-date. Nothing to do
Completed 200 OK in 16ms (Views: 14.4ms | ActiveRecord: 0.7ms | Allocations: 4351)


Started GET "/users/1" for ::1 at 2020-07-30 15:02:45 +0700
Processing by UsersController#show as HTML
  Parameters: {"id"=>"1"}
  [1m[36mUser Load (0.7ms)[0m  [1m[34mSELECT `users`.* FROM `users` WHERE `users`.`id` = 1 LIMIT 1[0m
  ↳ app/controllers/users_controller.rb:67:in `set_user'
  Rendering users/show.html.erb within layouts/application
  Rendered users/show.html.erb within layouts/application (Duration: 0.3ms | Allocations: 80)
[Webpacker] Everything's up-to-date. Nothing to do
Completed 200 OK in 12ms (Views: 8.5ms | ActiveRecord: 0.7ms | Allocations: 4172)


Started GET "/users/1/edit" for ::1 at 2020-07-30 15:02:47 +0700
Processing by UsersController#edit as HTML
  Parameters: {"id"=>"1"}
  [1m[36mUser Load (0.5ms)[0m  [1m[34mSELECT `users`.* FROM `users` WHERE `users`.`id` = 1 LIMIT 1[0m
  ↳ app/controllers/users_controller.rb:67:in `set_user'
  Rendering users/edit.html.erb within layouts/application
  Rendered users/_form.html.erb (Duration: 2.0ms | Allocations: 734)
  Rendered users/edit.html.erb within layouts/application (Duration: 2.8ms | Allocations: 846)
[Webpacker] Everything's up-to-date. Nothing to do
Completed 200 OK in 16ms (Views: 13.0ms | ActiveRecord: 0.5ms | Allocations: 4959)


Started GET "/users" for ::1 at 2020-07-30 15:02:48 +0700
Processing by UsersController#index as HTML
  Rendering users/index.html.erb within layouts/application
  [1m[36mUser Load (0.6ms)[0m  [1m[34mSELECT `users`.* FROM `users`[0m
  ↳ app/views/users/index.html.erb:15
  Rendered users/index.html.erb within layouts/application (Duration: 3.6ms | Allocations: 812)
[Webpacker] Everything's up-to-date. Nothing to do
Completed 200 OK in 14ms (Views: 12.0ms | ActiveRecord: 0.6ms | Allocations: 4327)


Started GET "/users/1/edit" for ::1 at 2020-07-30 15:02:53 +0700
Processing by UsersController#edit as HTML
  Parameters: {"id"=>"1"}
  [1m[36mUser Load (0.6ms)[0m  [1m[34mSELECT `users`.* FROM `users` WHERE `users`.`id` = 1 LIMIT 1[0m
  ↳ app/controllers/users_controller.rb:67:in `set_user'
  Rendering users/edit.html.erb within layouts/application
  Rendered users/_form.html.erb (Duration: 2.0ms | Allocations: 734)
  Rendered users/edit.html.erb within layouts/application (Duration: 2.6ms | Allocations: 846)
[Webpacker] Everything's up-to-date. Nothing to do
Completed 200 OK in 24ms (Views: 19.8ms | ActiveRecord: 0.6ms | Allocations: 4941)


Started GET "/users/1" for ::1 at 2020-07-30 15:02:54 +0700
Processing by UsersController#show as HTML
  Parameters: {"id"=>"1"}
  [1m[36mUser Load (0.6ms)[0m  [1m[34mSELECT `users`.* FROM `users` WHERE `users`.`id` = 1 LIMIT 1[0m
  ↳ app/controllers/users_controller.rb:67:in `set_user'
  Rendering users/show.html.erb within layouts/application
  Rendered users/show.html.erb within layouts/application (Duration: 0.4ms | Allocations: 80)
[Webpacker] Everything's up-to-date. Nothing to do
Completed 200 OK in 15ms (Views: 11.3ms | ActiveRecord: 0.6ms | Allocations: 4166)


Started GET "/users/1/edit" for ::1 at 2020-07-30 15:02:55 +0700
Processing by UsersController#edit as HTML
  Parameters: {"id"=>"1"}
  [1m[36mUser Load (0.6ms)[0m  [1m[34mSELECT `users`.* FROM `users` WHERE `users`.`id` = 1 LIMIT 1[0m
  ↳ app/controllers/users_controller.rb:67:in `set_user'
  Rendering users/edit.html.erb within layouts/application
  Rendered users/_form.html.erb (Duration: 5.5ms | Allocations: 734)
  Rendered users/edit.html.erb within layouts/application (Duration: 8.7ms | Allocations: 846)
[Webpacker] Everything's up-to-date. Nothing to do
Completed 200 OK in 28ms (Views: 23.2ms | ActiveRecord: 0.6ms | Allocations: 4951)


Started PATCH "/users/1" for ::1 at 2020-07-30 15:02:58 +0700
Processing by UsersController#update as HTML
  Parameters: {"authenticity_token"=>"DSr7IDFN7kDpb8w7nSAVoNS4GJhxS54rc+d5s7tXY9hN6Oxf4Ast1QdJRpBTMa4c8i99C4N7dGT3X72hd/DNQA==", "user"=>{"name"=>"Nguyen Ngoc Man", "email"=>"yinyang1011@gmail.com"}, "commit"=>"Update User", "id"=>"1"}
  [1m[36mUser Load (0.6ms)[0m  [1m[34mSELECT `users`.* FROM `users` WHERE `users`.`id` = 1 LIMIT 1[0m
  ↳ app/controllers/users_controller.rb:67:in `set_user'
Redirected to http://localhost:3000/users/1
Completed 302 Found in 6ms (ActiveRecord: 0.6ms | Allocations: 1194)


Started GET "/users/1" for ::1 at 2020-07-30 15:02:58 +0700
Processing by UsersController#show as HTML
  Parameters: {"id"=>"1"}
  [1m[36mUser Load (0.7ms)[0m  [1m[34mSELECT `users`.* FROM `users` WHERE `users`.`id` = 1 LIMIT 1[0m
  ↳ app/controllers/users_controller.rb:67:in `set_user'
  Rendering users/show.html.erb within layouts/application
  Rendered users/show.html.erb within layouts/application (Duration: 0.6ms | Allocations: 82)
[Webpacker] Everything's up-to-date. Nothing to do
Completed 200 OK in 13ms (Views: 9.5ms | ActiveRecord: 0.7ms | Allocations: 4191)


Started GET "/users" for ::1 at 2020-07-30 15:03:00 +0700
Processing by UsersController#index as HTML
  Rendering users/index.html.erb within layouts/application
  [1m[36mUser Load (0.5ms)[0m  [1m[34mSELECT `users`.* FROM `users`[0m
  ↳ app/views/users/index.html.erb:15
  Rendered users/index.html.erb within layouts/application (Duration: 3.0ms | Allocations: 812)
[Webpacker] Everything's up-to-date. Nothing to do
Completed 200 OK in 14ms (Views: 12.6ms | ActiveRecord: 0.5ms | Allocations: 4341)


Started GET "/users/new" for ::1 at 2020-07-30 15:03:02 +0700
Processing by UsersController#new as HTML
  Rendering users/new.html.erb within layouts/application
  Rendered users/_form.html.erb (Duration: 3.5ms | Allocations: 687)
  Rendered users/new.html.erb within layouts/application (Duration: 4.0ms | Allocations: 769)
[Webpacker] Everything's up-to-date. Nothing to do
Completed 200 OK in 17ms (Views: 16.1ms | ActiveRecord: 0.0ms | Allocations: 4282)


Started POST "/users" for ::1 at 2020-07-30 15:03:10 +0700
Processing by UsersController#create as HTML
  Parameters: {"authenticity_token"=>"R2tMDn8hgJhnmGYvMMbLKU2pJqcThSggZh9R68O/WINwr+GX3hGv8OuoO+IHMNIH6yyj6ZT5t6fdiXPXMwq55A==", "user"=>{"name"=>"Nguyen Ngoc Dat", "email"=>"dat@gmail.com"}, "commit"=>"Create User"}
  [1m[35m (0.3ms)[0m  [1m[35mBEGIN[0m
  ↳ app/controllers/users_controller.rb:30:in `block in create'
  [1m[36mUser Create (0.6ms)[0m  [1m[32mINSERT INTO `users` (`name`, `email`, `created_at`, `updated_at`) VALUES ('Nguyen Ngoc Dat', 'dat@gmail.com', '2020-07-30 08:03:10.773195', '2020-07-30 08:03:10.773195')[0m
  ↳ app/controllers/users_controller.rb:30:in `block in create'
  [1m[35m (22.0ms)[0m  [1m[35mCOMMIT[0m
  ↳ app/controllers/users_controller.rb:30:in `block in create'
Redirected to http://localhost:3000/users/2
Completed 302 Found in 34ms (ActiveRecord: 22.8ms | Allocations: 2773)


Started GET "/users/2" for ::1 at 2020-07-30 15:03:10 +0700
Processing by UsersController#show as HTML
  Parameters: {"id"=>"2"}
  [1m[36mUser Load (0.6ms)[0m  [1m[34mSELECT `users`.* FROM `users` WHERE `users`.`id` = 2 LIMIT 1[0m
  ↳ app/controllers/users_controller.rb:67:in `set_user'
  Rendering users/show.html.erb within layouts/application
  Rendered users/show.html.erb within layouts/application (Duration: 0.6ms | Allocations: 82)
[Webpacker] Everything's up-to-date. Nothing to do
Completed 200 OK in 16ms (Views: 11.7ms | ActiveRecord: 0.6ms | Allocations: 4203)


Started GET "/users" for ::1 at 2020-07-30 15:03:14 +0700
Processing by UsersController#index as HTML
  Rendering users/index.html.erb within layouts/application
  [1m[36mUser Load (0.5ms)[0m  [1m[34mSELECT `users`.* FROM `users`[0m
  ↳ app/views/users/index.html.erb:15
  Rendered users/index.html.erb within layouts/application (Duration: 4.8ms | Allocations: 939)
[Webpacker] Everything's up-to-date. Nothing to do
Completed 200 OK in 16ms (Views: 13.9ms | ActiveRecord: 0.5ms | Allocations: 4475)


Started GET "/" for ::1 at 2020-07-30 15:15:45 +0700
  [1m[35m (0.6ms)[0m  [1m[35mSET NAMES utf8mb4,  @@SESSION.sql_mode = CONCAT(CONCAT(@@sql_mode, ',STRICT_ALL_TABLES'), ',NO_AUTO_VALUE_ON_ZERO'),  @@SESSION.sql_auto_is_null = 0, @@SESSION.wait_timeout = 2147483[0m
Processing by ApplicationController#hello as HTML
  Rendering html template
  Rendered html template (Duration: 0.1ms | Allocations: 2)
Completed 200 OK in 2ms (Views: 1.1ms | ActiveRecord: 0.0ms | Allocations: 336)


Started GET "/users" for ::1 at 2020-07-30 15:15:51 +0700
Processing by UsersController#index as HTML
  Rendering users/index.html.erb within layouts/application
  [1m[36mUser Load (0.7ms)[0m  [1m[34mSELECT `users`.* FROM `users`[0m
  ↳ app/views/users/index.html.erb:15
  Rendered users/index.html.erb within layouts/application (Duration: 5.2ms | Allocations: 937)
[Webpacker] Everything's up-to-date. Nothing to do
Completed 200 OK in 21ms (Views: 19.2ms | ActiveRecord: 0.7ms | Allocations: 4457)


Started GET "/" for ::1 at 2020-07-30 15:17:06 +0700
Processing by UsersController#index as HTML
  Rendering users/index.html.erb within layouts/application
  [1m[36mUser Load (0.6ms)[0m  [1m[34mSELECT `users`.* FROM `users`[0m
  ↳ app/views/users/index.html.erb:15
  Rendered users/index.html.erb within layouts/application (Duration: 25.5ms | Allocations: 3933)
[Webpacker] Everything's up-to-date. Nothing to do
Completed 200 OK in 38ms (Views: 25.7ms | ActiveRecord: 8.5ms | Allocations: 7930)


Started GET "/" for ::1 at 2020-07-30 15:17:09 +0700
Processing by UsersController#index as HTML
  Rendering users/index.html.erb within layouts/application
  [1m[36mUser Load (0.6ms)[0m  [1m[34mSELECT `users`.* FROM `users`[0m
  ↳ app/views/users/index.html.erb:15
  Rendered users/index.html.erb within layouts/application (Duration: 3.8ms | Allocations: 938)
[Webpacker] Everything's up-to-date. Nothing to do
Completed 200 OK in 16ms (Views: 13.2ms | ActiveRecord: 0.6ms | Allocations: 4461)


Started GET "/" for ::1 at 2020-07-30 15:17:09 +0700
Processing by UsersController#index as HTML
  Rendering users/index.html.erb within layouts/application
  [1m[36mUser Load (0.5ms)[0m  [1m[34mSELECT `users`.* FROM `users`[0m
  ↳ app/views/users/index.html.erb:15
  Rendered users/index.html.erb within layouts/application (Duration: 4.5ms | Allocations: 938)
[Webpacker] Everything's up-to-date. Nothing to do
Completed 200 OK in 17ms (Views: 15.1ms | ActiveRecord: 0.5ms | Allocations: 4467)


Started GET "/" for ::1 at 2020-07-30 15:17:10 +0700
Processing by UsersController#index as HTML
  Rendering users/index.html.erb within layouts/application
  [1m[36mUser Load (0.6ms)[0m  [1m[34mSELECT `users`.* FROM `users`[0m
  ↳ app/views/users/index.html.erb:15
  Rendered users/index.html.erb within layouts/application (Duration: 4.0ms | Allocations: 938)
[Webpacker] Everything's up-to-date. Nothing to do
Completed 200 OK in 14ms (Views: 12.3ms | ActiveRecord: 0.6ms | Allocations: 4457)


  [1m[35m (0.8ms)[0m  [1m[35mSET NAMES utf8mb4,  @@SESSION.sql_mode = CONCAT(CONCAT(@@sql_mode, ',STRICT_ALL_TABLES'), ',NO_AUTO_VALUE_ON_ZERO'),  @@SESSION.sql_auto_is_null = 0, @@SESSION.wait_timeout = 2147483[0m
  [1m[35m (0.4ms)[0m  [1m[35mSET NAMES utf8mb4,  @@SESSION.sql_mode = CONCAT(CONCAT(@@sql_mode, ',STRICT_ALL_TABLES'), ',NO_AUTO_VALUE_ON_ZERO'),  @@SESSION.sql_auto_is_null = 0, @@SESSION.wait_timeout = 2147483[0m
  [1m[35m (0.5ms)[0m  [1m[34mSELECT GET_LOCK('3007486047720898170', 0)[0m
  [1m[35m (0.8ms)[0m  [1m[34mSELECT `schema_migrations`.`version` FROM `schema_migrations` ORDER BY `schema_migrations`.`version` ASC[0m
Migrating to CreateMicroposts (20200730082440)
  [1m[35m (43.6ms)[0m  [1m[35mCREATE TABLE `microposts` (`id` bigint NOT NULL AUTO_INCREMENT PRIMARY KEY, `contend` text, `user_id` int, `created_at` datetime(6) NOT NULL, `updated_at` datetime(6) NOT NULL)[0m
  [1m[35m (0.5ms)[0m  [1m[35mBEGIN[0m
  [1m[36mprimary::SchemaMigration Create (0.9ms)[0m  [1m[32mINSERT INTO `schema_migrations` (`version`) VALUES ('20200730082440')[0m
  [1m[35m (5.4ms)[0m  [1m[35mCOMMIT[0m
  [1m[36mActiveRecord::InternalMetadata Load (1.0ms)[0m  [1m[34mSELECT `ar_internal_metadata`.* FROM `ar_internal_metadata` WHERE `ar_internal_metadata`.`key` = 'environment' LIMIT 1[0m
  [1m[35m (0.4ms)[0m  [1m[34mSELECT RELEASE_LOCK('3007486047720898170')[0m
  [1m[35m (0.3ms)[0m  [1m[35mSET NAMES utf8mb4,  @@SESSION.sql_mode = CONCAT(CONCAT(@@sql_mode, ',STRICT_ALL_TABLES'), ',NO_AUTO_VALUE_ON_ZERO'),  @@SESSION.sql_auto_is_null = 0, @@SESSION.wait_timeout = 2147483[0m
  [1m[35m (0.6ms)[0m  [1m[34mSELECT `schema_migrations`.`version` FROM `schema_migrations` ORDER BY `schema_migrations`.`version` ASC[0m
Started GET "/" for ::1 at 2020-07-30 15:26:23 +0700
  [1m[35m (0.8ms)[0m  [1m[35mSET NAMES utf8mb4,  @@SESSION.sql_mode = CONCAT(CONCAT(@@sql_mode, ',STRICT_ALL_TABLES'), ',NO_AUTO_VALUE_ON_ZERO'),  @@SESSION.sql_auto_is_null = 0, @@SESSION.wait_timeout = 2147483[0m
  [1m[35m (0.7ms)[0m  [1m[34mSELECT `schema_migrations`.`version` FROM `schema_migrations` ORDER BY `schema_migrations`.`version` ASC[0m
Processing by UsersController#index as HTML
  Rendering users/index.html.erb within layouts/application
  [1m[36mUser Load (0.9ms)[0m  [1m[34mSELECT `users`.* FROM `users`[0m
  ↳ app/views/users/index.html.erb:15
  Rendered users/index.html.erb within layouts/application (Duration: 26.0ms | Allocations: 4411)
[Webpacker] Everything's up-to-date. Nothing to do
Completed 200 OK in 181ms (Views: 161.2ms | ActiveRecord: 7.7ms | Allocations: 25280)


Started GET "/micropost" for ::1 at 2020-07-30 15:26:30 +0700
  
ActionController::RoutingError (No route matches [GET] "/micropost"):
  
actionpack (6.0.3.2) lib/action_dispatch/middleware/debug_exceptions.rb:36:in `call'
web-console (4.0.4) lib/web_console/middleware.rb:132:in `call_app'
web-console (4.0.4) lib/web_console/middleware.rb:28:in `block in call'
web-console (4.0.4) lib/web_console/middleware.rb:17:in `catch'
web-console (4.0.4) lib/web_console/middleware.rb:17:in `call'
actionpack (6.0.3.2) lib/action_dispatch/middleware/show_exceptions.rb:33:in `call'
railties (6.0.3.2) lib/rails/rack/logger.rb:37:in `call_app'
railties (6.0.3.2) lib/rails/rack/logger.rb:26:in `block in call'
activesupport (6.0.3.2) lib/active_support/tagged_logging.rb:80:in `block in tagged'
activesupport (6.0.3.2) lib/active_support/tagged_logging.rb:28:in `tagged'
activesupport (6.0.3.2) lib/active_support/tagged_logging.rb:80:in `tagged'
railties (6.0.3.2) lib/rails/rack/logger.rb:26:in `call'
sprockets-rails (3.2.1) lib/sprockets/rails/quiet_assets.rb:13:in `call'
actionpack (6.0.3.2) lib/action_dispatch/middleware/remote_ip.rb:81:in `call'
actionpack (6.0.3.2) lib/action_dispatch/middleware/request_id.rb:27:in `call'
rack (2.2.3) lib/rack/method_override.rb:24:in `call'
rack (2.2.3) lib/rack/runtime.rb:22:in `call'
activesupport (6.0.3.2) lib/active_support/cache/strategy/local_cache_middleware.rb:29:in `call'
actionpack (6.0.3.2) lib/action_dispatch/middleware/executor.rb:14:in `call'
actionpack (6.0.3.2) lib/action_dispatch/middleware/static.rb:126:in `call'
rack (2.2.3) lib/rack/sendfile.rb:110:in `call'
actionpack (6.0.3.2) lib/action_dispatch/middleware/host_authorization.rb:82:in `call'
webpacker (4.2.2) lib/webpacker/dev_server_proxy.rb:23:in `perform_request'
rack-proxy (0.6.5) lib/rack/proxy.rb:57:in `call'
railties (6.0.3.2) lib/rails/engine.rb:527:in `call'
puma (4.3.5) lib/puma/configuration.rb:228:in `call'
puma (4.3.5) lib/puma/server.rb:713:in `handle_request'
puma (4.3.5) lib/puma/server.rb:472:in `process_client'
puma (4.3.5) lib/puma/server.rb:328:in `block in run'
puma (4.3.5) lib/puma/thread_pool.rb:134:in `block in spawn_thread'
Started GET "/microposts" for ::1 at 2020-07-30 15:26:35 +0700
Processing by MicropostsController#index as HTML
  Rendering microposts/index.html.erb within layouts/application
  [1m[36mMicropost Load (2.5ms)[0m  [1m[34mSELECT `microposts`.* FROM `microposts`[0m
  ↳ app/views/microposts/index.html.erb:15
  Rendered microposts/index.html.erb within layouts/application (Duration: 11.6ms | Allocations: 1321)
[Webpacker] Everything's up-to-date. Nothing to do
Completed 200 OK in 33ms (Views: 20.6ms | ActiveRecord: 5.3ms | Allocations: 5814)


Started GET "/microposts/new" for ::1 at 2020-07-30 15:26:38 +0700
Processing by MicropostsController#new as HTML
  Rendering microposts/new.html.erb within layouts/application
  Rendered microposts/_form.html.erb (Duration: 11.2ms | Allocations: 2706)
  Rendered microposts/new.html.erb within layouts/application (Duration: 12.9ms | Allocations: 3035)
[Webpacker] Everything's up-to-date. Nothing to do
Completed 200 OK in 39ms (Views: 22.5ms | ActiveRecord: 2.4ms | Allocations: 9206)


Started POST "/microposts" for ::1 at 2020-07-30 15:26:49 +0700
Processing by MicropostsController#create as HTML
  Parameters: {"authenticity_token"=>"V9JCBTUi48uMHDmWF6swmNNcp8YGAptOGD9l6bHdPw90bDvrKfxDcUMgHdgt4I0yQ/PkUMfFs2KLt7wrjXI84A==", "micropost"=>{"contend"=>"helo hello", "user_id"=>"1"}, "commit"=>"Create Micropost"}
  [1m[35m (0.3ms)[0m  [1m[35mBEGIN[0m
  ↳ app/controllers/microposts_controller.rb:30:in `block in create'
  [1m[36mMicropost Create (1.1ms)[0m  [1m[32mINSERT INTO `microposts` (`contend`, `user_id`, `created_at`, `updated_at`) VALUES ('helo hello', 1, '2020-07-30 08:26:49.966597', '2020-07-30 08:26:49.966597')[0m
  ↳ app/controllers/microposts_controller.rb:30:in `block in create'
  [1m[35m (38.3ms)[0m  [1m[35mCOMMIT[0m
  ↳ app/controllers/microposts_controller.rb:30:in `block in create'
Redirected to http://localhost:3000/microposts/1
Completed 302 Found in 50ms (ActiveRecord: 39.7ms | Allocations: 3024)


Started GET "/microposts/1" for ::1 at 2020-07-30 15:26:50 +0700
Processing by MicropostsController#show as HTML
  Parameters: {"id"=>"1"}
  [1m[36mMicropost Load (0.5ms)[0m  [1m[34mSELECT `microposts`.* FROM `microposts` WHERE `microposts`.`id` = 1 LIMIT 1[0m
  ↳ app/controllers/microposts_controller.rb:67:in `set_micropost'
  Rendering microposts/show.html.erb within layouts/application
  Rendered microposts/show.html.erb within layouts/application (Duration: 0.9ms | Allocations: 252)
[Webpacker] Everything's up-to-date. Nothing to do
Completed 200 OK in 14ms (Views: 9.3ms | ActiveRecord: 0.5ms | Allocations: 4978)


Started GET "/microposts" for ::1 at 2020-07-30 15:26:53 +0700
Processing by MicropostsController#index as HTML
  Rendering microposts/index.html.erb within layouts/application
  [1m[36mMicropost Load (0.6ms)[0m  [1m[34mSELECT `microposts`.* FROM `microposts`[0m
  ↳ app/views/microposts/index.html.erb:15
  Rendered microposts/index.html.erb within layouts/application (Duration: 3.7ms | Allocations: 821)
[Webpacker] Everything's up-to-date. Nothing to do
Completed 200 OK in 15ms (Views: 12.8ms | ActiveRecord: 0.6ms | Allocations: 4420)


Started GET "/microposts/1" for ::1 at 2020-07-30 15:26:55 +0700
Processing by MicropostsController#show as HTML
  Parameters: {"id"=>"1"}
  [1m[36mMicropost Load (0.7ms)[0m  [1m[34mSELECT `microposts`.* FROM `microposts` WHERE `microposts`.`id` = 1 LIMIT 1[0m
  ↳ app/controllers/microposts_controller.rb:67:in `set_micropost'
  Rendering microposts/show.html.erb within layouts/application
  Rendered microposts/show.html.erb within layouts/application (Duration: 0.3ms | Allocations: 80)
[Webpacker] Everything's up-to-date. Nothing to do
Completed 200 OK in 13ms (Views: 9.4ms | ActiveRecord: 0.7ms | Allocations: 4261)


Started GET "/microposts" for ::1 at 2020-07-30 15:26:57 +0700
Processing by MicropostsController#index as HTML
  Rendering microposts/index.html.erb within layouts/application
  [1m[36mMicropost Load (0.8ms)[0m  [1m[34mSELECT `microposts`.* FROM `microposts`[0m
  ↳ app/views/microposts/index.html.erb:15
  Rendered microposts/index.html.erb within layouts/application (Duration: 5.0ms | Allocations: 811)
[Webpacker] Everything's up-to-date. Nothing to do
Completed 200 OK in 23ms (Views: 21.2ms | ActiveRecord: 0.8ms | Allocations: 4404)


Started GET "/microposts/new" for ::1 at 2020-07-30 15:26:59 +0700
Processing by MicropostsController#new as HTML
  Rendering microposts/new.html.erb within layouts/application
  Rendered microposts/_form.html.erb (Duration: 3.2ms | Allocations: 688)
  Rendered microposts/new.html.erb within layouts/application (Duration: 3.8ms | Allocations: 771)
[Webpacker] Everything's up-to-date. Nothing to do
Completed 200 OK in 14ms (Views: 13.0ms | ActiveRecord: 0.0ms | Allocations: 4384)


Started POST "/microposts" for ::1 at 2020-07-30 15:27:06 +0700
Processing by MicropostsController#create as HTML
  Parameters: {"authenticity_token"=>"UG2avKEYsHHkjj8mYANBYAGQl6/BspaUz6jebSa1vphz0+NSvcYQyyuyG2haSPzKkT/UOQB1vrhcIAevGhq9dw==", "micropost"=>{"contend"=>"hahahaha, ta la sieu nhan", "user_id"=>"2"}, "commit"=>"Create Micropost"}
  [1m[35m (0.3ms)[0m  [1m[35mBEGIN[0m
  ↳ app/controllers/microposts_controller.rb:30:in `block in create'
  [1m[36mMicropost Create (0.6ms)[0m  [1m[32mINSERT INTO `microposts` (`contend`, `user_id`, `created_at`, `updated_at`) VALUES ('hahahaha, ta la sieu nhan', 2, '2020-07-30 08:27:06.995203', '2020-07-30 08:27:06.995203')[0m
  ↳ app/controllers/microposts_controller.rb:30:in `block in create'
  [1m[35m (6.9ms)[0m  [1m[35mCOMMIT[0m
  ↳ app/controllers/microposts_controller.rb:30:in `block in create'
Redirected to http://localhost:3000/microposts/2
Completed 302 Found in 18ms (ActiveRecord: 7.8ms | Allocations: 2757)


Started GET "/microposts/2" for ::1 at 2020-07-30 15:27:07 +0700
Processing by MicropostsController#show as HTML
  Parameters: {"id"=>"2"}
  [1m[36mMicropost Load (0.5ms)[0m  [1m[34mSELECT `microposts`.* FROM `microposts` WHERE `microposts`.`id` = 2 LIMIT 1[0m
  ↳ app/controllers/microposts_controller.rb:67:in `set_micropost'
  Rendering microposts/show.html.erb within layouts/application
  Rendered microposts/show.html.erb within layouts/application (Duration: 0.6ms | Allocations: 83)
[Webpacker] Everything's up-to-date. Nothing to do
Completed 200 OK in 19ms (Views: 15.1ms | ActiveRecord: 0.5ms | Allocations: 4269)


Started GET "/microposts" for ::1 at 2020-07-30 15:27:08 +0700
Processing by MicropostsController#index as HTML
  Rendering microposts/index.html.erb within layouts/application
  [1m[36mMicropost Load (0.6ms)[0m  [1m[34mSELECT `microposts`.* FROM `microposts`[0m
  ↳ app/views/microposts/index.html.erb:15
  Rendered microposts/index.html.erb within layouts/application (Duration: 4.6ms | Allocations: 937)
[Webpacker] Everything's up-to-date. Nothing to do
Completed 200 OK in 20ms (Views: 18.0ms | ActiveRecord: 0.6ms | Allocations: 4516)


Started GET "/users" for ::1 at 2020-07-30 15:27:14 +0700
Processing by UsersController#index as HTML
  Rendering users/index.html.erb within layouts/application
  [1m[36mUser Load (0.5ms)[0m  [1m[34mSELECT `users`.* FROM `users`[0m
  ↳ app/views/users/index.html.erb:15
  Rendered users/index.html.erb within layouts/application (Duration: 4.8ms | Allocations: 947)
[Webpacker] Everything's up-to-date. Nothing to do
Completed 200 OK in 16ms (Views: 14.5ms | ActiveRecord: 0.5ms | Allocations: 4528)


Started GET "/microposts" for ::1 at 2020-07-30 15:27:22 +0700
Processing by MicropostsController#index as HTML
  Rendering microposts/index.html.erb within layouts/application
  [1m[36mMicropost Load (0.5ms)[0m  [1m[34mSELECT `microposts`.* FROM `microposts`[0m
  ↳ app/views/microposts/index.html.erb:15
  Rendered microposts/index.html.erb within layouts/application (Duration: 4.3ms | Allocations: 944)
[Webpacker] Everything's up-to-date. Nothing to do
Completed 200 OK in 14ms (Views: 11.9ms | ActiveRecord: 0.5ms | Allocations: 4530)


Started GET "/microposts/new" for ::1 at 2020-07-30 15:28:24 +0700
Processing by MicropostsController#new as HTML
  Rendering microposts/new.html.erb within layouts/application
  Rendered microposts/_form.html.erb (Duration: 2.7ms | Allocations: 749)
  Rendered microposts/new.html.erb within layouts/application (Duration: 3.2ms | Allocations: 832)
[Webpacker] Everything's up-to-date. Nothing to do
Completed 200 OK in 35ms (Views: 13.2ms | ActiveRecord: 7.3ms | Allocations: 7590)


Started POST "/microposts" for ::1 at 2020-07-30 15:28:33 +0700
Processing by MicropostsController#create as HTML
  Parameters: {"authenticity_token"=>"4ACT8fG6wMNRB2NUzqQEX/svKka/bKacQGSVCoG0nCzDvuof7WRgeZ47Rxr077n1a4Bp0H6rjrDT7EzIvRufww==", "micropost"=>{"contend"=>"asdffffffffffffffffffffffffffffffffffffffffffffffffffffffffffffffffffffffff\r\n", "user_id"=>"1"}, "commit"=>"Create Micropost"}
Completed 500 Internal Server Error in 17ms (ActiveRecord: 0.0ms | Allocations: 3854)


  
NoMethodError (undefined method `content' for #<Micropost:0x00007f72b4397c08>
Did you mean?  contend
               contend?
               contend=):
  
app/controllers/microposts_controller.rb:30:in `block in create'
app/controllers/microposts_controller.rb:29:in `create'
Started POST "/microposts" for ::1 at 2020-07-30 15:28:57 +0700
Processing by MicropostsController#create as HTML
  Parameters: {"authenticity_token"=>"dMmV+pMDM9RkIF0M1A4TPRRP7zD0GYVmRfwIZdavD6J7Rruc2JYocwiHXWTxWFONdsE0KftzKQtl3KCZXnFL/w==", "micropost"=>{"contend"=>"111111111111111111111111111111111111111111111111111111111111111111111111111111111111111111111111111111111111111111111111111111111111111111111111111111111111111111111111111111111111111111111\r\n", "user_id"=>"1"}, "commit"=>"Create Micropost"}
Completed 500 Internal Server Error in 16ms (ActiveRecord: 0.0ms | Allocations: 3746)


  
NoMethodError (undefined method `content' for #<Micropost:0x00007f72a0026830>
Did you mean?  contend
               contend?
               contend=):
  
app/controllers/microposts_controller.rb:30:in `block in create'
app/controllers/microposts_controller.rb:29:in `create'
Started GET "/microposts" for ::1 at 2020-07-30 15:29:22 +0700
  [1m[35m (0.4ms)[0m  [1m[35mSET NAMES utf8mb4,  @@SESSION.sql_mode = CONCAT(CONCAT(@@sql_mode, ',STRICT_ALL_TABLES'), ',NO_AUTO_VALUE_ON_ZERO'),  @@SESSION.sql_auto_is_null = 0, @@SESSION.wait_timeout = 2147483[0m
  [1m[35m (0.7ms)[0m  [1m[34mSELECT `schema_migrations`.`version` FROM `schema_migrations` ORDER BY `schema_migrations`.`version` ASC[0m
Processing by MicropostsController#index as HTML
  Rendering microposts/index.html.erb within layouts/application
  [1m[36mMicropost Load (0.7ms)[0m  [1m[34mSELECT `microposts`.* FROM `microposts`[0m
  ↳ app/views/microposts/index.html.erb:15
  Rendered microposts/index.html.erb within layouts/application (Duration: 27.2ms | Allocations: 4524)
[Webpacker] Everything's up-to-date. Nothing to do
Completed 200 OK in 74ms (Views: 53.8ms | ActiveRecord: 8.4ms | Allocations: 12673)


Started GET "/microposts/new" for ::1 at 2020-07-30 15:29:23 +0700
Processing by MicropostsController#new as HTML
  Rendering microposts/new.html.erb within layouts/application
  Rendered microposts/_form.html.erb (Duration: 19.9ms | Allocations: 2628)
  Rendered microposts/new.html.erb within layouts/application (Duration: 24.2ms | Allocations: 2964)
[Webpacker] Everything's up-to-date. Nothing to do
Completed 200 OK in 51ms (Views: 46.1ms | ActiveRecord: 0.0ms | Allocations: 6713)


Started POST "/microposts" for ::1 at 2020-07-30 15:29:37 +0700
Processing by MicropostsController#create as HTML
  Parameters: {"authenticity_token"=>"BRWTXz2P+IaHCkbczGmwsZweIzh2Fe2Y4utl4BK/FvAmq+qxIVFYPEg2YpL2Ig0bDLFgrrfSxbRxY7wiLhAVHw==", "micropost"=>{"contend"=>"asdfklasjdflkasjflkasjflaksdjflkasdjflkasjflkasjdflkasdjflkasjflkajsdflkjasdlkfjasdlkfj\r\n", "user_id"=>"2"}, "commit"=>"Create Micropost"}
Completed 500 Internal Server Error in 24ms (ActiveRecord: 0.0ms | Allocations: 3925)


  
NoMethodError (undefined method `content' for #<Micropost:0x00007fc034045a50>
Did you mean?  contend
               contend?
               contend=):
  
app/controllers/microposts_controller.rb:30:in `block in create'
app/controllers/microposts_controller.rb:29:in `create'
  [1m[35m (0.7ms)[0m  [1m[35mSET NAMES utf8mb4,  @@SESSION.sql_mode = CONCAT(CONCAT(@@sql_mode, ',STRICT_ALL_TABLES'), ',NO_AUTO_VALUE_ON_ZERO'),  @@SESSION.sql_auto_is_null = 0, @@SESSION.wait_timeout = 2147483[0m
  [1m[36mUser Load (0.8ms)[0m  [1m[34mSELECT `users`.* FROM `users` ORDER BY `users`.`id` ASC LIMIT 1[0m
  [1m[36mUser Load (1.0ms)[0m  [1m[34mSELECT `users`.* FROM `users` ORDER BY `users`.`id` ASC LIMIT 1[0m
  [1m[36mUser Load (0.6ms)[0m  [1m[34mSELECT `users`.* FROM `users` ORDER BY `users`.`id` ASC LIMIT 1[0m
  [1m[36mMicropost Load (0.8ms)[0m  [1m[34mSELECT `microposts`.* FROM `microposts` WHERE `microposts`.`user_id` = 1 LIMIT 11[0m
  [1m[36mMicropost Load (1.0ms)[0m  [1m[34mSELECT `microposts`.* FROM `microposts` WHERE `microposts`.`user_id` = 1 ORDER BY `microposts`.`id` ASC LIMIT 1[0m
Started GET "/" for ::1 at 2020-07-30 15:41:22 +0700
  [1m[35m (1.0ms)[0m  [1m[35mSET NAMES utf8mb4,  @@SESSION.sql_mode = CONCAT(CONCAT(@@sql_mode, ',STRICT_ALL_TABLES'), ',NO_AUTO_VALUE_ON_ZERO'),  @@SESSION.sql_auto_is_null = 0, @@SESSION.wait_timeout = 2147483[0m
  [1m[35m (0.8ms)[0m  [1m[34mSELECT `schema_migrations`.`version` FROM `schema_migrations` ORDER BY `schema_migrations`.`version` ASC[0m
Processing by UsersController#index as HTML
Completed 500 Internal Server Error in 23ms (ActiveRecord: 0.0ms | Allocations: 2817)


  
NameError (uninitialized constant #<Class:0x0000559bffbc1e20>::FILL_IN):
  
app/models/user.rb:3:in `<class:User>'
app/models/user.rb:1:in `<main>'
app/controllers/users_controller.rb:7:in `index'
Started GET "/" for ::1 at 2020-07-30 15:41:28 +0700
Processing by UsersController#index as HTML
Completed 500 Internal Server Error in 5ms (ActiveRecord: 0.0ms | Allocations: 1545)


  
NameError (uninitialized constant #<Class:0x0000559bffbc1e20>::FILL_IN):
  
app/models/user.rb:3:in `<class:User>'
app/models/user.rb:1:in `<main>'
app/controllers/users_controller.rb:7:in `index'
Started GET "/microposts" for ::1 at 2020-07-30 15:41:36 +0700
Processing by MicropostsController#index as HTML
  Rendering microposts/index.html.erb within layouts/application
  [1m[36mMicropost Load (8.8ms)[0m  [1m[34mSELECT `microposts`.* FROM `microposts`[0m
  ↳ app/views/microposts/index.html.erb:15
  Rendered microposts/index.html.erb within layouts/application (Duration: 35.0ms | Allocations: 4265)
[Webpacker] Everything's up-to-date. Nothing to do
Completed 200 OK in 67ms (Views: 43.7ms | ActiveRecord: 14.6ms | Allocations: 12207)


Started GET "/microposts/new" for ::1 at 2020-07-30 15:41:38 +0700
Processing by MicropostsController#new as HTML
  Rendering microposts/new.html.erb within layouts/application
  Rendered microposts/_form.html.erb (Duration: 12.7ms | Allocations: 2629)
  Rendered microposts/new.html.erb within layouts/application (Duration: 15.0ms | Allocations: 2959)
[Webpacker] Everything's up-to-date. Nothing to do
Completed 200 OK in 37ms (Views: 34.3ms | ActiveRecord: 0.0ms | Allocations: 6698)


Started POST "/microposts" for ::1 at 2020-07-30 15:41:40 +0700
Processing by MicropostsController#create as HTML
  Parameters: {"authenticity_token"=>"Jfmkf8VZZ3bAmR9i6pn5yCEU0N2wCBRwc4Xg+wLD0lMGR92R2YfHzA+lOyzQ0kRisbuTS3HPPFzgDTk5PmzRvA==", "micropost"=>{"contend"=>"", "user_id"=>""}, "commit"=>"Create Micropost"}
Completed 500 Internal Server Error in 28ms (ActiveRecord: 0.0ms | Allocations: 5911)


  
NoMethodError (undefined method `content' for #<Micropost:0x00007f3e64d1b498>
Did you mean?  contend
               contend?
               contend=):
  
app/controllers/microposts_controller.rb:30:in `block in create'
app/controllers/microposts_controller.rb:29:in `create'
